22-02 14:06:21 - Processo ct 1: spalla sinistra
22-02 14:06:21 - Ct 2 non esiste
22-02 14:06:21 - Ct 3 non esiste
22-02 14:06:28 - Processo ct 4: spalla destra
22-02 14:06:33 - Processo ct 5: spalla destra
22-02 14:06:35 - Processo ct 6: spalla destra
22-02 14:06:40 - Ct 7 spalla destra non segmentata o troppo piccola
22-02 14:06:44 - Processo ct 8: spalla sinistra
22-02 14:06:48 - Processo ct 9: spalla destra
22-02 14:06:51 - Processo ct 10: spalla sinistra
22-02 14:06:54 - Processo ct 11: spalla sinistra
22-02 14:06:56 - Processo ct 12: spalla destra
22-02 14:06:59 - Processo ct 13: spalla sinistra
22-02 14:07:03 - Processo ct 14: spalla destra
22-02 14:07:08 - Processo ct 15: spalla sinistra
22-02 14:07:11 - Processo ct 16: spalla sinistra
22-02 14:07:14 - Processo ct 17: spalla destra
22-02 14:07:17 - Processo ct 18: spalla destra
22-02 14:07:20 - Processo ct 19: spalla sinistra
22-02 14:07:23 - Processo ct 20: spalla destra
22-02 14:07:26 - Processo ct 21: spalla sinistra
22-02 14:07:30 - Processo ct 22: spalla destra
22-02 14:07:33 - Processo ct 23: spalla sinistra
22-02 14:07:37 - Processo ct 24: spalla destra
22-02 14:07:40 - Processo ct 25: spalla destra
22-02 14:07:44 - Processo ct 26: spalla destra
22-02 14:07:50 - Processo ct 27: spalla sinistra
22-02 14:07:52 - Processo ct 28: spalla destra
22-02 14:07:55 - Processo ct 29: spalla destra
22-02 14:07:59 - Processo ct 30: spalla destra
22-02 14:08:01 - Processo ct 31: spalla destra
22-02 14:08:05 - Ct 32 spalla sinistra non segmentata o troppo piccola
22-02 14:08:15 - Processo ct 33: spalla sinistra
22-02 14:08:18 - Processo ct 34: spalla destra
22-02 14:08:22 - Processo ct 35: spalla sinistra
22-02 14:08:25 - Processo ct 36: spalla destra
22-02 14:08:31 - Processo ct 37: spalla destra
22-02 14:08:35 - Processo ct 38: spalla destra
22-02 14:08:38 - Processo ct 39: spalla sinistra
22-02 14:08:40 - Processo ct 40: spalla sinistra
22-02 14:08:41 - Processo ct 41: spalla sinistra
22-02 14:08:43 - Processo ct 42: spalla destra
22-02 14:08:43 - Ct 43 non esiste
22-02 14:08:46 - Processo ct 44: spalla sinistra
22-02 14:08:47 - Processo ct 45: spalla destra
22-02 14:08:50 - Processo ct 46: spalla destra
22-02 14:08:53 - Processo ct 47: spalla destra
22-02 14:08:55 - Processo ct 48: spalla destra
22-02 14:08:58 - Processo ct 49: spalla destra
22-02 14:09:00 - Processo ct 50: spalla destra
22-02 14:09:03 - Processo ct 51: spalla sinistra
22-02 14:09:06 - Processo ct 52: spalla sinistra
22-02 14:09:11 - Processo ct 53: spalla sinistra
22-02 14:09:14 - Processo ct 54: spalla sinistra
22-02 14:09:19 - Processo ct 55: spalla destra
22-02 14:09:21 - Processo ct 56: spalla destra
22-02 14:09:26 - Processo ct 57: spalla sinistra
22-02 14:09:29 - Processo ct 58: spalla destra
22-02 14:09:32 - Processo ct 59: spalla destra
22-02 14:09:37 - Processo ct 60: spalla sinistra
22-02 14:09:41 - Processo ct 61: spalla destra
22-02 14:09:45 - Processo ct 62: spalla destra
22-02 14:09:50 - Processo ct 63: spalla sinistra
22-02 14:09:55 - Processo ct 64: spalla sinistra
22-02 14:10:00 - Processo ct 65: spalla destra
22-02 14:10:04 - Processo ct 66: spalla sinistra
22-02 14:10:09 - Processo ct 67: spalla sinistra
22-02 14:10:12 - Processo ct 68: spalla destra
22-02 14:10:14 - Processo ct 69: spalla destra
22-02 14:10:16 - Processo ct 70: spalla sinistra
22-02 14:10:19 - Processo ct 71: spalla sinistra
22-02 14:10:24 - Processo ct 72: spalla sinistra
22-02 14:10:28 - Processo ct 73: spalla sinistra
22-02 14:10:28 - Ct 74 non esiste
22-02 14:10:30 - Processo ct 75: spalla destra
22-02 14:10:35 - Processo ct 76: spalla sinistra
22-02 14:10:39 - Processo ct 77: spalla destra
22-02 14:10:44 - Processo ct 78: spalla destra
22-02 14:10:47 - Processo ct 79: spalla sinistra
22-02 14:10:51 - Processo ct 80: spalla sinistra
22-02 14:10:57 - Processo ct 81: spalla destra
22-02 14:11:01 - Processo ct 82: spalla destra
22-02 14:11:04 - Processo ct 83: spalla sinistra
22-02 14:11:07 - Processo ct 84: spalla destra
22-02 14:11:10 - Processo ct 85: spalla sinistra
22-02 14:11:14 - Processo ct 86: spalla sinistra
22-02 14:11:18 - Processo ct 87: spalla destra
22-02 14:11:23 - Processo ct 88: spalla destra
22-02 14:11:27 - Processo ct 89: spalla sinistra
22-02 14:11:32 - Processo ct 90: spalla destra
22-02 14:11:35 - Processo ct 91: spalla destra
22-02 14:11:39 - Processo ct 92: spalla sinistra
22-02 14:11:39 - Ct 93 non esiste
22-02 14:11:42 - Processo ct 94: spalla destra
22-02 14:11:45 - Processo ct 95: spalla destra
22-02 14:11:45 - Ct 96 non esiste
22-02 14:11:50 - Processo ct 97: spalla destra
22-02 14:11:54 - Processo ct 98: spalla destra
22-02 14:11:58 - Processo ct 99: spalla destra
22-02 14:12:01 - Processo ct 100: spalla destra
22-02 14:12:05 - Processo ct 101: spalla sinistra
22-02 14:12:05 - Ct 102 non esiste
22-02 14:12:07 - Processo ct 103: spalla destra
22-02 14:12:10 - Processo ct 104: spalla sinistra
22-02 14:12:15 - Processo ct 105: spalla destra
22-02 14:12:17 - Processo ct 106: spalla sinistra
22-02 14:12:21 - Processo ct 107: spalla destra
22-02 14:12:23 - Processo ct 108: spalla sinistra
22-02 14:12:25 - Processo ct 109: spalla sinistra
22-02 14:12:28 - Processo ct 110: spalla destra
22-02 14:12:32 - Processo ct 111: spalla destra
22-02 14:12:32 - Ct 112 non esiste
22-02 14:12:35 - Processo ct 113: spalla destra
22-02 14:12:38 - Processo ct 114: spalla destra
22-02 14:12:43 - Processo ct 115: spalla destra
22-02 14:12:47 - Processo ct 116: spalla sinistra
22-02 14:12:50 - Processo ct 117: spalla sinistra
22-02 14:12:54 - Processo ct 118: spalla destra
22-02 14:12:59 - Processo ct 119: spalla sinistra
22-02 14:13:03 - Processo ct 120: spalla destra
22-02 14:13:07 - Processo ct 121: spalla destra
22-02 14:13:11 - Processo ct 122: spalla sinistra
22-02 14:13:17 - Processo ct 123: spalla destra
22-02 14:13:20 - Processo ct 124: spalla destra
22-02 14:13:25 - Processo ct 125: spalla destra
22-02 14:13:30 - Processo ct 126: spalla sinistra
22-02 14:13:34 - Processo ct 127: spalla destra
22-02 14:13:38 - Processo ct 128: spalla sinistra
22-02 14:13:38 - Ct 129 non esiste
22-02 14:13:45 - Processo ct 130: spalla sinistra
22-02 14:13:50 - Processo ct 131: spalla destra
22-02 14:13:55 - Processo ct 132: spalla destra
22-02 14:13:59 - Processo ct 133: spalla destra
22-02 14:14:03 - Processo ct 134: spalla destra
22-02 14:14:07 - Processo ct 135: spalla destra
22-02 14:14:08 - Processo ct 136: spalla destra
22-02 14:14:11 - Processo ct 137: spalla destra
22-02 14:14:13 - Processo ct 138: spalla sinistra
22-02 14:14:19 - Processo ct 139: spalla destra
22-02 14:14:23 - Processo ct 140: spalla destra
22-02 14:14:25 - Processo ct 141: spalla destra
22-02 14:14:30 - Processo ct 142: spalla sinistra
22-02 14:14:35 - Ct 143 spalla sinistra non segmentata o troppo piccola
22-02 14:14:39 - Processo ct 144: spalla destra
22-02 14:14:42 - Processo ct 145: spalla destra
22-02 14:14:45 - Ct 146 spalla destra non segmentata o troppo piccola
22-02 14:14:48 - Processo ct 147: spalla sinistra
22-02 14:14:52 - Processo ct 148: spalla destra
22-02 14:14:54 - Processo ct 149: spalla destra
22-02 14:14:58 - Processo ct 150: spalla destra
22-02 14:15:05 - Processo ct 151: spalla destra
22-02 14:15:10 - Processo ct 152: spalla destra
22-02 14:15:14 - Processo ct 153: spalla destra
22-02 14:15:17 - Processo ct 154: spalla destra
22-02 14:15:21 - Processo ct 155: spalla sinistra
22-02 14:15:26 - Processo ct 156: spalla destra
22-02 14:15:29 - Processo ct 157: spalla destra
22-02 14:15:32 - Processo ct 158: spalla sinistra
22-02 14:15:34 - Processo ct 159: spalla destra
22-02 14:15:38 - Processo ct 160: spalla sinistra
22-02 14:15:38 - Ct 161 non esiste
22-02 14:15:38 - Ct 162 non esiste
22-02 14:15:43 - Processo ct 163: spalla destra
22-02 14:15:47 - Processo ct 164: spalla destra
22-02 14:15:51 - Processo ct 165: spalla sinistra
22-02 14:15:54 - Processo ct 166: spalla destra
22-02 14:15:54 - Ct 167 esclusa
22-02 14:16:01 - Processo ct 168: spalla destra
22-02 14:16:04 - Ct 169 spalla sinistra non segmentata o troppo piccola
22-02 14:16:09 - Processo ct 170: spalla destra
22-02 14:16:15 - Processo ct 171: spalla destra
22-02 14:16:18 - Processo ct 172: spalla destra
22-02 14:16:23 - Processo ct 173: spalla sinistra
22-02 14:16:26 - Processo ct 174: spalla destra
22-02 14:16:33 - Processo ct 175: spalla destra
22-02 14:16:38 - Processo ct 176: spalla destra
22-02 14:16:40 - Processo ct 177: spalla sinistra
22-02 14:16:45 - Processo ct 178: spalla sinistra
22-02 14:16:51 - Processo ct 179: spalla sinistra
22-02 14:16:56 - Processo ct 180: spalla destra
22-02 14:17:00 - Processo ct 181: spalla destra
22-02 14:17:03 - Processo ct 182: spalla destra
22-02 14:17:06 - Processo ct 183: spalla destra
22-02 14:17:09 - Processo ct 184: spalla destra
22-02 14:17:15 - Processo ct 185: spalla sinistra
22-02 14:17:19 - Processo ct 186: spalla destra
22-02 14:17:26 - Processo ct 187: spalla sinistra
22-02 14:17:32 - Processo ct 188: spalla sinistra
22-02 14:17:36 - Processo ct 189: spalla sinistra
22-02 14:17:40 - Processo ct 190: spalla destra
22-02 14:17:45 - Processo ct 191: spalla destra
22-02 14:17:50 - Processo ct 192: spalla sinistra
22-02 14:17:55 - Processo ct 193: spalla destra
22-02 14:17:59 - Ct 194 spalla sinistra non segmentata o troppo piccola
22-02 14:18:02 - Processo ct 195: spalla sinistra
22-02 14:18:06 - Processo ct 196: spalla sinistra
22-02 14:18:11 - Processo ct 197: spalla destra
22-02 14:18:14 - Processo ct 198: spalla sinistra
22-02 14:18:14 - Ct 199 non esiste
22-02 14:18:19 - Processo ct 200: spalla destra
22-02 14:18:23 - Processo ct 201: spalla sinistra
22-02 14:18:27 - Processo ct 202: spalla destra
22-02 14:18:32 - Processo ct 203: spalla destra
22-02 14:18:36 - Processo ct 204: spalla destra
22-02 14:18:39 - Processo ct 205: spalla sinistra
22-02 14:18:42 - Processo ct 206: spalla sinistra
22-02 14:18:46 - Processo ct 207: spalla sinistra
22-02 14:18:50 - Processo ct 208: spalla sinistra
22-02 14:18:55 - Processo ct 209: spalla sinistra
22-02 14:18:57 - Processo ct 210: spalla sinistra
22-02 14:19:01 - Processo ct 211: spalla destra
22-02 14:19:05 - Processo ct 212: spalla destra
22-02 14:19:09 - Processo ct 213: spalla destra
22-02 14:19:11 - Processo ct 214: spalla sinistra
22-02 14:19:13 - Processo ct 215: spalla sinistra
22-02 14:19:18 - Processo ct 216: spalla destra
22-02 14:19:22 - Processo ct 217: spalla destra
22-02 14:19:27 - Processo ct 218: spalla destra
22-02 14:19:31 - Processo ct 219: spalla destra
22-02 14:19:34 - Processo ct 220: spalla sinistra
22-02 14:19:38 - Processo ct 221: spalla destra
22-02 14:19:42 - Processo ct 222: spalla destra
22-02 14:19:42 - Ct 223 non esiste
22-02 14:19:42 - Ct 224 non esiste
22-02 14:19:47 - Processo ct 225: spalla sinistra
22-02 14:19:50 - Processo ct 226: spalla destra
22-02 14:19:56 - Processo ct 227: spalla destra
22-02 14:20:01 - Ct 228 spalla destra non segmentata o troppo piccola
22-02 14:20:03 - Processo ct 229: spalla destra
22-02 14:20:05 - Processo ct 230: spalla destra
22-02 14:20:10 - Processo ct 232: spalla sinistra
22-02 14:20:10 - Processo ct 232: spalla destra
22-02 14:20:10 - Ct 233 esclusa
22-02 14:20:12 - Processo ct 234: spalla sinistra
22-02 14:20:15 - Ct 235 spalla destra non segmentata o troppo piccola
22-02 14:20:18 - Ct 237 non esiste
22-02 14:20:22 - Processo ct 238: spalla destra
22-02 14:20:28 - Processo ct 239: spalla destra
22-02 14:20:28 - Ct 240 non esiste
22-02 14:20:34 - Processo ct 241: spalla sinistra
22-02 14:20:36 - Processo ct 242: spalla destra
22-02 14:20:36 - Ct 243 non esiste
22-02 14:20:40 - Processo ct 244: spalla sinistra
22-02 14:20:46 - Processo ct 245: spalla sinistra
22-02 14:20:48 - Processo ct 246: spalla destra
22-02 14:20:53 - Processo ct 247: spalla destra
22-02 14:20:58 - Processo ct 248: spalla sinistra
22-02 14:21:01 - Processo ct 249: spalla destra
22-02 14:21:07 - Processo ct 250: spalla destra
22-02 14:21:10 - Processo ct 251: spalla sinistra
22-02 14:21:14 - Processo ct 252: spalla sinistra
22-02 14:21:18 - Processo ct 253: spalla sinistra
22-02 14:21:20 - Processo ct 254: spalla destra
22-02 14:21:23 - Processo ct 255: spalla sinistra
22-02 14:21:27 - Processo ct 256: spalla destra
22-02 14:21:31 - Processo ct 257: spalla sinistra
22-02 14:21:37 - Processo ct 258: spalla sinistra
22-02 14:21:41 - Processo ct 259: spalla sinistra
22-02 14:21:41 - Ct 260 non esiste
22-02 14:21:45 - Processo ct 261: spalla sinistra
22-02 14:21:48 - Processo ct 262: spalla destra
22-02 14:21:55 - Processo ct 263: spalla destra
22-02 14:21:59 - Processo ct 264: spalla sinistra
22-02 14:22:05 - Processo ct 265: spalla sinistra
22-02 14:22:10 - Processo ct 266: spalla destra
22-02 14:22:15 - Processo ct 267: spalla sinistra
22-02 14:22:21 - Processo ct 268: spalla destra
22-02 14:22:27 - Processo ct 269: spalla destra
22-02 14:22:30 - Processo ct 270: spalla destra
22-02 14:22:32 - Processo ct 271: spalla destra
22-02 14:22:35 - Processo ct 272: spalla destra
22-02 14:22:35 - Ct 273 non esiste
22-02 14:22:41 - Processo ct 274: spalla sinistra
22-02 14:22:45 - Processo ct 275: spalla destra
22-02 14:22:51 - Processo ct 276: spalla sinistra
22-02 14:22:55 - Processo ct 277: spalla destra
22-02 14:22:58 - Processo ct 278: spalla destra
22-02 14:23:01 - Processo ct 279: spalla destra
22-02 14:23:04 - Processo ct 280: spalla destra
22-02 14:23:10 - Processo ct 281: spalla destra
22-02 14:23:14 - Processo ct 282: spalla sinistra
22-02 14:23:14 - Ct 283 non esiste
22-02 14:23:18 - Processo ct 284: spalla sinistra
22-02 14:23:20 - Processo ct 285: spalla sinistra
22-02 14:23:21 - Processo ct 285: spalla destra
22-02 14:23:21 - Ct 286 non esiste
22-02 14:23:23 - Processo ct 287: spalla sinistra
22-02 14:23:28 - Processo ct 288: spalla destra
22-02 14:23:32 - Processo ct 289: spalla sinistra
22-02 14:23:37 - Processo ct 290: spalla sinistra
22-02 14:23:37 - Ct 291 non esiste
22-02 14:23:43 - Processo ct 292: spalla destra
22-02 14:23:49 - Processo ct 293: spalla destra
22-02 14:23:51 - Processo ct 294: spalla sinistra
22-02 14:23:56 - Processo ct 295: spalla destra
22-02 14:23:59 - Processo ct 296: spalla destra
22-02 14:24:04 - Processo ct 297: spalla destra
22-02 14:24:07 - Processo ct 298: spalla destra
22-02 14:24:10 - Processo ct 299: spalla destra
22-02 14:24:10 - Ct 300 non esiste
22-02 14:24:10 - Ct 301 non esiste
22-02 14:24:10 - Ct 302 non esiste
22-02 14:24:10 - Ct 303 non esiste
22-02 14:24:10 - Ct 304 non esiste
22-02 14:24:13 - Processo ct 305: spalla destra
22-02 14:24:13 - Ct 306 non esiste
22-02 14:24:15 - Processo ct 307: spalla sinistra
22-02 14:24:17 - Processo ct 308: spalla destra
22-02 14:24:23 - Processo ct 309: spalla sinistra
22-02 14:24:29 - Processo ct 310: spalla destra
22-02 14:24:29 - Ct 311 non esiste
22-02 14:24:34 - Processo ct 312: spalla destra
22-02 14:24:38 - Processo ct 313: spalla sinistra
22-02 14:24:38 - Ct 314 non esiste
22-02 14:24:42 - Processo ct 315: spalla destra
22-02 14:24:46 - Ct 316 spalla sinistra non segmentata o troppo piccola
22-02 14:24:50 - Processo ct 317: spalla sinistra
22-02 14:24:53 - Processo ct 318: spalla sinistra
22-02 14:24:53 - Ct 319 non esiste
22-02 14:24:53 - Ct 320 non esiste
22-02 14:24:53 - Ct 321 non esiste
22-02 14:24:53 - Ct 322 non esiste
22-02 14:24:53 - Ct 323 non esiste
22-02 14:24:53 - Ct 324 non esiste
22-02 14:24:53 - Ct 325 non esiste
22-02 14:24:53 - Ct 326 non esiste
22-02 14:24:53 - Ct 327 non esiste
22-02 14:24:53 - Ct 328 non esiste
22-02 14:24:53 - Ct 329 non esiste
22-02 14:24:53 - Ct 330 non esiste
22-02 14:24:53 - Ct 331 non esiste
22-02 14:24:53 - Ct 332 non esiste
22-02 14:24:53 - Ct 333 non esiste
22-02 14:24:53 - Ct 334 non esiste
22-02 14:24:53 - Ct 335 non esiste
22-02 14:24:55 - Processo ct 336: spalla destra
22-02 14:25:01 - Processo ct 337: spalla destra
22-02 14:25:07 - Ct 339 esclusa
22-02 14:25:07 - Ct 340 non esiste
22-02 14:25:09 - Processo ct 341: spalla destra
22-02 14:25:09 - Ct 342 esclusa
22-02 14:25:09 - Ct 343 esclusa
22-02 14:25:15 - Processo ct 344: spalla sinistra
22-02 14:25:17 - Processo ct 345: spalla destra
22-02 14:25:21 - Processo ct 346: spalla sinistra
22-02 14:25:24 - Processo ct 347: spalla destra
22-02 14:25:29 - Processo ct 348: spalla destra
22-02 14:25:33 - Processo ct 349: spalla destra
22-02 14:25:38 - Processo ct 350: spalla destra
22-02 14:25:42 - Processo ct 351: spalla sinistra
22-02 14:25:45 - Processo ct 352: spalla destra
22-02 14:25:48 - Processo ct 353: spalla destra
22-02 14:25:51 - Processo ct 354: spalla destra
22-02 14:25:58 - Processo ct 355: spalla sinistra
22-02 14:26:02 - Processo ct 356: spalla sinistra
22-02 14:26:07 - Processo ct 357: spalla destra
22-02 14:26:07 - Ct 358 non esiste
22-02 14:26:11 - Processo ct 359: spalla destra
22-02 14:26:11 - Ct 360 non esiste
22-02 14:26:15 - Processo ct 361: spalla destra
22-02 14:26:18 - Processo ct 362: spalla sinistra
22-02 14:26:22 - Processo ct 363: spalla sinistra
22-02 14:26:22 - Ct 364 non esiste
22-02 14:26:24 - Processo ct 365: spalla destra
22-02 14:26:29 - Processo ct 366: spalla destra
22-02 14:26:32 - Processo ct 367: spalla sinistra
22-02 14:26:36 - Processo ct 368: spalla destra
22-02 14:26:40 - Processo ct 369: spalla destra
22-02 14:26:45 - Processo ct 370: spalla sinistra
22-02 14:26:47 - Processo ct 371: spalla sinistra
22-02 14:26:53 - Processo ct 372: spalla destra
22-02 14:26:55 - Processo ct 373: spalla destra
22-02 14:26:57 - Processo ct 374: spalla destra
22-02 14:27:01 - Processo ct 375: spalla sinistra
22-02 14:27:03 - Processo ct 376: spalla destra
22-02 14:27:03 - Ct 377 non esiste
22-02 14:27:08 - Processo ct 378: spalla destra
22-02 14:27:11 - Processo ct 379: spalla destra
22-02 14:27:17 - Processo ct 380: spalla destra
22-02 14:27:21 - Processo ct 381: spalla destra
22-02 14:27:26 - Processo ct 382: spalla destra
22-02 14:27:30 - Processo ct 383: spalla destra
22-02 14:27:32 - Processo ct 384: spalla destra
22-02 14:27:35 - Processo ct 385: spalla sinistra
22-02 14:27:36 - Processo ct 386: spalla sinistra
22-02 14:27:42 - Processo ct 387: spalla destra
22-02 14:27:42 - Ct 388 non esiste
22-02 14:27:47 - Processo ct 389: spalla sinistra
22-02 14:27:53 - Processo ct 390: spalla sinistra
22-02 14:27:58 - Processo ct 391: spalla destra
22-02 14:28:02 - Processo ct 392: spalla sinistra
22-02 14:28:05 - Processo ct 393: spalla destra
22-02 14:28:09 - Processo ct 394: spalla sinistra
22-02 14:28:13 - Processo ct 395: spalla destra
22-02 14:28:13 - Ct 396 non esiste
22-02 14:28:15 - Processo ct 397: spalla destra
22-02 14:28:15 - Ct 398 non esiste
22-02 14:28:22 - Processo ct 399: spalla sinistra
22-02 14:28:29 - Processo ct 400: spalla sinistra
22-02 14:28:32 - Processo ct 401: spalla destra
22-02 14:28:37 - Processo ct 402: spalla sinistra
22-02 14:28:40 - Processo ct 403: spalla destra
22-02 14:28:44 - Processo ct 404: spalla sinistra
22-02 14:28:47 - Ct 405 spalla destra non segmentata o troppo piccola
22-02 14:28:53 - Processo ct 406: spalla destra
22-02 14:28:55 - Processo ct 407: spalla sinistra
22-02 14:29:00 - Processo ct 408: spalla destra
22-02 14:29:03 - Processo ct 409: spalla destra
22-02 14:29:08 - Processo ct 410: spalla destra
22-02 14:29:13 - Processo ct 411: spalla destra
22-02 14:29:15 - Processo ct 412: spalla destra
22-02 14:29:19 - Processo ct 413: spalla destra
22-02 14:29:21 - Processo ct 414: spalla sinistra
22-02 14:29:25 - Processo ct 415: spalla destra
22-02 14:29:29 - Processo ct 416: spalla destra
22-02 14:29:31 - Processo ct 417: spalla destra
22-02 14:29:35 - Processo ct 418: spalla sinistra
22-02 14:29:37 - Processo ct 419: spalla destra
22-02 14:29:39 - Processo ct 420: spalla destra
22-02 14:29:44 - Processo ct 421: spalla destra
22-02 14:29:48 - Processo ct 422: spalla destra
22-02 14:29:52 - Processo ct 423: spalla destra
22-02 14:29:55 - Processo ct 424: spalla destra
22-02 14:29:57 - Processo ct 425: spalla destra
22-02 14:29:59 - Processo ct 426: spalla destra
22-02 14:30:04 - Processo ct 427: spalla destra
22-02 14:30:11 - Processo ct 428: spalla destra
22-02 14:30:16 - Processo ct 429: spalla destra
22-02 14:30:19 - Processo ct 430: spalla destra
22-02 14:30:22 - Processo ct 431: spalla destra
22-02 14:30:25 - Processo ct 432: spalla destra
22-02 14:30:29 - Processo ct 433: spalla sinistra
22-02 14:30:33 - Processo ct 434: spalla destra
22-02 14:30:36 - Processo ct 435: spalla sinistra
22-02 14:30:39 - Processo ct 436: spalla destra
22-02 14:30:44 - Processo ct 437: spalla destra
22-02 14:30:50 - Processo ct 438: spalla sinistra
22-02 14:30:52 - Processo ct 439: spalla destra
22-02 14:30:55 - Processo ct 440: spalla destra
22-02 14:30:59 - Processo ct 441: spalla sinistra
22-02 14:31:03 - Processo ct 442: spalla sinistra
22-02 14:31:05 - Processo ct 443: spalla destra
22-02 14:31:09 - Processo ct 444: spalla sinistra
22-02 14:31:12 - Processo ct 445: spalla destra
22-02 14:31:12 - Ct 446 non esiste
22-02 14:31:16 - Processo ct 447: spalla sinistra
22-02 14:31:19 - Processo ct 448: spalla destra
22-02 14:31:24 - Processo ct 449: spalla sinistra
22-02 14:31:26 - Processo ct 450: spalla destra
22-02 14:31:30 - Processo ct 451: spalla sinistra
22-02 14:31:33 - Processo ct 452: spalla destra
22-02 14:31:37 - Processo ct 453: spalla sinistra
22-02 14:31:40 - Processo ct 454: spalla destra
22-02 14:31:43 - Processo ct 455: spalla destra
22-02 14:31:48 - Processo ct 456: spalla sinistra
22-02 14:31:50 - Processo ct 457: spalla sinistra
22-02 14:31:54 - Processo ct 458: spalla sinistra
22-02 14:31:56 - Processo ct 459: spalla destra
22-02 14:31:58 - Processo ct 460: spalla destra
22-02 14:32:04 - Processo ct 461: spalla destra
22-02 14:32:04 - Ct 462 non esiste
22-02 14:32:08 - Processo ct 463: spalla destra
22-02 14:32:11 - Processo ct 464: spalla sinistra
22-02 14:32:14 - Processo ct 465: spalla destra
22-02 14:32:19 - Processo ct 466: spalla destra
22-02 14:32:20 - Ct 467 spalla destra non segmentata o troppo piccola
22-02 14:32:24 - Processo ct 468: spalla sinistra
22-02 14:32:27 - Processo ct 469: spalla destra
22-02 14:32:29 - Processo ct 470: spalla destra
22-02 14:32:32 - Processo ct 471: spalla destra
22-02 14:32:36 - Processo ct 472: spalla sinistra
22-02 14:32:39 - Processo ct 473: spalla destra
22-02 14:32:43 - Processo ct 474: spalla destra
22-02 14:32:47 - Processo ct 475: spalla destra
22-02 14:32:52 - Processo ct 476: spalla destra
22-02 14:32:57 - Processo ct 477: spalla sinistra
22-02 14:33:01 - Processo ct 478: spalla destra
22-02 14:33:05 - Processo ct 479: spalla destra
22-02 14:33:10 - Processo ct 480: spalla destra
22-02 14:33:13 - Processo ct 481: spalla sinistra
22-02 14:33:18 - Processo ct 482: spalla destra
22-02 14:33:18 - Ct 483 non esiste
22-02 14:33:21 - Processo ct 484: spalla destra
22-02 14:33:24 - Processo ct 485: spalla sinistra
22-02 14:33:26 - Processo ct 486: spalla sinistra
22-02 14:33:26 - Ct 487 non esiste
22-02 14:33:29 - Ct 488 spalla destra non segmentata o troppo piccola
22-02 14:33:34 - Processo ct 489: spalla sinistra
22-02 14:33:37 - Processo ct 490: spalla destra
22-02 14:33:41 - Processo ct 491: spalla destra
22-02 14:33:47 - Processo ct 492: spalla destra
22-02 14:33:51 - Processo ct 493: spalla destra
22-02 14:33:57 - Processo ct 494: spalla destra
22-02 14:33:57 - Ct 495 non esiste
22-02 14:34:01 - Processo ct 496: spalla destra
22-02 14:34:06 - Processo ct 497: spalla sinistra
22-02 14:34:06 - Ct 498 non esiste
22-02 14:34:10 - Processo ct 499: spalla sinistra
22-02 14:34:14 - Processo ct 500: spalla sinistra
22-02 14:34:19 - Processo ct 501: spalla destra
22-02 14:34:26 - Processo ct 502: spalla sinistra
22-02 14:34:30 - Processo ct 503: spalla sinistra
22-02 14:34:34 - Processo ct 504: spalla sinistra
22-02 14:34:36 - Processo ct 505: spalla destra
22-02 14:34:38 - Processo ct 506: spalla destra
22-02 14:34:42 - Processo ct 507: spalla destra
22-02 14:34:46 - Processo ct 508: spalla destra
22-02 14:34:46 - Ct 509 non esiste
22-02 14:34:50 - Processo ct 510: spalla destra
22-02 14:34:53 - Processo ct 511: spalla sinistra
22-02 14:34:57 - Processo ct 512: spalla destra
22-02 14:35:02 - Processo ct 513: spalla destra
22-02 14:35:06 - Processo ct 514: spalla destra
22-02 14:35:09 - Processo ct 515: spalla sinistra
22-02 14:35:13 - Processo ct 516: spalla destra
22-02 14:35:15 - Processo ct 517: spalla destra
22-02 14:35:18 - Ct 518 spalla sinistra non segmentata o troppo piccola
22-02 14:35:22 - Processo ct 519: spalla sinistra
22-02 14:35:27 - Processo ct 520: spalla sinistra
22-02 14:35:27 - Ct 521 non esiste
22-02 14:35:31 - Processo ct 522: spalla sinistra
22-02 14:35:35 - Processo ct 523: spalla destra
22-02 14:35:39 - Processo ct 524: spalla sinistra
22-02 14:35:42 - Processo ct 525: spalla sinistra
22-02 14:35:44 - Processo ct 526: spalla destra
22-02 14:35:48 - Processo ct 527: spalla destra
22-02 14:35:53 - Processo ct 528: spalla sinistra
22-02 14:35:57 - Processo ct 529: spalla destra
22-02 14:35:59 - Processo ct 530: spalla sinistra
22-02 14:36:03 - Processo ct 531: spalla destra
22-02 14:36:06 - Processo ct 532: spalla destra
22-02 14:36:08 - Processo ct 533: spalla destra
22-02 14:36:12 - Processo ct 534: spalla sinistra
22-02 14:36:14 - Processo ct 535: spalla sinistra
22-02 14:36:16 - Processo ct 536: spalla destra
22-02 14:36:19 - Processo ct 537: spalla sinistra
22-02 14:36:23 - Processo ct 538: spalla destra
22-02 14:36:26 - Processo ct 539: spalla sinistra
22-02 14:36:29 - Processo ct 540: spalla destra
22-02 14:36:29 - Ct 541 non esiste
22-02 14:36:31 - Processo ct 542: spalla destra
22-02 14:36:37 - Processo ct 543: spalla destra
22-02 14:36:40 - Processo ct 544: spalla sinistra
22-02 14:36:44 - Processo ct 545: spalla destra
22-02 14:36:47 - Processo ct 546: spalla destra
22-02 14:36:48 - Processo ct 547: spalla destra
22-02 14:36:52 - Processo ct 548: spalla destra
22-02 14:36:56 - Processo ct 549: spalla destra
22-02 14:36:56 - Ct 550 non esiste
22-02 14:37:02 - Processo ct 551: spalla destra
22-02 14:37:02 - Ct 552 non esiste
22-02 14:37:03 - Processo ct 553: spalla destra
22-02 14:37:03 - Ct 554 non esiste
22-02 14:37:06 - Processo ct 555: spalla destra
22-02 14:37:06 - Ct 556 non esiste
22-02 14:37:08 - Ct 557 spalla sinistra non segmentata o troppo piccola
22-02 14:37:11 - Processo ct 558: spalla sinistra
22-02 14:37:16 - Processo ct 559: spalla sinistra
22-02 14:37:19 - Processo ct 560: spalla sinistra
22-02 14:37:23 - Processo ct 561: spalla destra
22-02 14:37:26 - Processo ct 562: spalla sinistra
22-02 14:37:29 - Processo ct 563: spalla sinistra
22-02 14:37:29 - Ct 564 non esiste
22-02 14:37:35 - Processo ct 565: spalla destra
22-02 14:37:40 - Processo ct 566: spalla destra
22-02 14:37:40 - Ct 567 non esiste
22-02 14:37:42 - Processo ct 568: spalla destra
22-02 14:37:46 - Processo ct 569: spalla sinistra
22-02 14:37:50 - Processo ct 570: spalla sinistra
22-02 14:37:53 - Processo ct 571: spalla sinistra
22-02 14:37:57 - Processo ct 572: spalla sinistra
22-02 14:38:02 - Processo ct 573: spalla sinistra
22-02 14:38:04 - Processo ct 574: spalla destra
22-02 14:38:08 - Processo ct 575: spalla sinistra
22-02 14:38:12 - Processo ct 576: spalla sinistra
22-02 14:38:12 - Ct 577 non esiste
22-02 14:38:18 - Processo ct 578: spalla sinistra
22-02 14:38:23 - Processo ct 579: spalla destra
22-02 14:38:27 - Processo ct 580: spalla sinistra
22-02 14:38:31 - Processo ct 581: spalla destra
22-02 14:38:34 - Ct 582 spalla destra non segmentata o troppo piccola
22-02 14:38:37 - Processo ct 583: spalla destra
22-02 14:38:41 - Processo ct 584: spalla destra
22-02 14:38:41 - Ct 585 non esiste
22-02 14:38:44 - Processo ct 586: spalla destra
22-02 14:38:47 - Processo ct 587: spalla sinistra
22-02 14:38:47 - Ct 588 non esiste
22-02 14:38:51 - Processo ct 589: spalla destra
22-02 14:38:55 - Processo ct 590: spalla destra
22-02 14:38:57 - Processo ct 591: spalla destra
22-02 14:39:01 - Processo ct 592: spalla destra
22-02 14:39:06 - Processo ct 593: spalla destra
22-02 14:39:10 - Processo ct 594: spalla destra
22-02 14:39:13 - Processo ct 595: spalla sinistra
22-02 14:39:15 - Processo ct 596: spalla destra
22-02 14:39:18 - Processo ct 597: spalla sinistra
22-02 14:39:24 - Processo ct 598: spalla destra
22-02 14:39:26 - Processo ct 599: spalla sinistra
22-02 14:39:30 - Processo ct 600: spalla destra
22-02 14:39:33 - Processo ct 601: spalla destra
22-02 14:39:37 - Processo ct 602: spalla sinistra
22-02 14:39:43 - Processo ct 603: spalla destra
22-02 14:39:47 - Processo ct 604: spalla sinistra
22-02 14:39:51 - Processo ct 605: spalla sinistra
22-02 14:39:55 - Processo ct 606: spalla destra
22-02 14:39:58 - Processo ct 607: spalla destra
22-02 14:40:02 - Processo ct 608: spalla destra
22-02 14:40:06 - Processo ct 609: spalla destra
22-02 14:40:10 - Processo ct 610: spalla destra
22-02 14:40:14 - Processo ct 611: spalla destra
22-02 14:40:18 - Processo ct 612: spalla destra
22-02 14:40:22 - Processo ct 613: spalla sinistra
22-02 14:40:22 - Ct 614 non esiste
22-02 14:40:22 - Ct 615 non esiste
22-02 14:40:26 - Processo ct 616: spalla destra
22-02 14:40:28 - Processo ct 617: spalla sinistra
22-02 14:40:31 - Processo ct 618: spalla sinistra
22-02 14:40:35 - Processo ct 619: spalla sinistra
22-02 14:40:40 - Processo ct 620: spalla destra
22-02 14:40:43 - Processo ct 621: spalla sinistra
22-02 14:40:48 - Processo ct 622: spalla destra
22-02 14:40:50 - Processo ct 623: spalla destra
22-02 14:40:54 - Ct 624 spalla destra non segmentata o troppo piccola
22-02 14:40:57 - Ct 625 spalla destra non segmentata o troppo piccola
22-02 14:41:01 - Processo ct 626: spalla destra
22-02 14:41:01 - Ct 627 non esiste
22-02 14:41:07 - Processo ct 628: spalla destra
22-02 14:41:10 - Processo ct 629: spalla destra
22-02 14:41:12 - Processo ct 630: spalla sinistra
22-02 14:41:12 - Ct 631 non esiste
22-02 14:41:17 - Processo ct 632: spalla sinistra
22-02 14:41:19 - Processo ct 633: spalla sinistra
22-02 14:41:19 - Ct 634 non esiste
22-02 14:41:19 - Ct 635 non esiste
22-02 14:41:25 - Processo ct 636: spalla destra
22-02 14:41:25 - Ct 637 non esiste
22-02 14:41:29 - Processo ct 638: spalla destra
22-02 14:41:32 - Processo ct 639: spalla destra
22-02 14:41:34 - Processo ct 640: spalla sinistra
22-02 14:41:34 - Ct 641 non esiste
22-02 14:41:38 - Processo ct 642: spalla destra
22-02 14:41:41 - Processo ct 643: spalla destra
22-02 14:41:44 - Processo ct 644: spalla sinistra
22-02 14:41:48 - Processo ct 645: spalla destra
22-02 14:41:51 - Processo ct 646: spalla destra
22-02 14:41:54 - Ct 647 spalla sinistra non segmentata o troppo piccola
22-02 14:41:57 - Processo ct 648: spalla destra
22-02 14:42:00 - Processo ct 649: spalla sinistra
22-02 14:42:02 - Ct 650 spalla destra non segmentata o troppo piccola
22-02 14:42:06 - Processo ct 651: spalla sinistra
22-02 14:42:06 - Ct 652 non esiste
22-02 14:42:10 - Processo ct 653: spalla destra
22-02 14:42:17 - Processo ct 654: spalla destra
22-02 14:42:22 - Processo ct 655: spalla destra
22-02 14:42:25 - Processo ct 656: spalla destra
22-02 14:42:27 - Processo ct 657: spalla sinistra
22-02 14:42:34 - Processo ct 658: spalla sinistra
22-02 14:42:39 - Processo ct 659: spalla sinistra
22-02 14:42:42 - Processo ct 660: spalla sinistra
22-02 14:42:47 - Processo ct 661: spalla sinistra
22-02 14:42:53 - Processo ct 662: spalla sinistra
22-02 14:43:00 - Processo ct 663: spalla sinistra
22-02 14:43:03 - Processo ct 664: spalla sinistra
22-02 14:43:05 - Ct 665 spalla destra non segmentata o troppo piccola
22-02 14:43:07 - Ct 666 spalla destra non segmentata o troppo piccola
22-02 14:43:07 - Ct 667 non esiste
22-02 14:43:13 - Processo ct 668: spalla destra
22-02 14:43:18 - Processo ct 669: spalla sinistra
22-02 14:43:22 - Processo ct 670: spalla destra
22-02 14:43:27 - Processo ct 671: spalla destra
22-02 14:43:27 - Ct 672 non esiste
22-02 14:43:27 - Ct 673 non esiste
22-02 14:43:32 - Processo ct 674: spalla sinistra
22-02 14:43:36 - Processo ct 675: spalla destra
22-02 14:43:37 - Processo ct 676: spalla sinistra
22-02 14:43:40 - Processo ct 677: spalla destra
22-02 14:43:40 - Ct 678 non esiste
22-02 14:43:47 - Processo ct 679: spalla sinistra
22-02 14:43:47 - Ct 680 non esiste
22-02 14:43:47 - Ct 681 non esiste
22-02 14:43:51 - Ct 682 spalla sinistra non segmentata o troppo piccola
22-02 14:43:54 - Processo ct 683: spalla destra
22-02 14:43:56 - Processo ct 684: spalla sinistra
22-02 14:43:56 - Ct 685 esclusa
22-02 14:43:59 - Processo ct 686: spalla sinistra
22-02 14:44:02 - Processo ct 687: spalla destra
22-02 14:44:02 - Ct 688 non esiste
22-02 14:44:07 - Processo ct 689: spalla destra
22-02 14:44:11 - Processo ct 690: spalla sinistra
22-02 14:44:16 - Processo ct 691: spalla sinistra
22-02 14:44:18 - Processo ct 692: spalla sinistra
22-02 14:44:21 - Processo ct 693: spalla sinistra
22-02 14:44:25 - Processo ct 694: spalla sinistra
22-02 14:44:29 - Processo ct 695: spalla destra
22-02 14:44:29 - Ct 696 non esiste
22-02 14:44:33 - Processo ct 697: spalla destra
22-02 14:44:35 - Processo ct 698: spalla destra
22-02 14:44:38 - Processo ct 699: spalla destra
22-02 14:44:43 - Processo ct 700: spalla destra
22-02 14:44:45 - Processo ct 701: spalla destra
22-02 14:44:48 - Processo ct 702: spalla destra
22-02 14:44:48 - Ct 703 non esiste
22-02 14:44:50 - Processo ct 704: spalla destra
22-02 14:44:54 - Processo ct 705: spalla destra
22-02 14:44:58 - Processo ct 706: spalla destra
22-02 14:45:03 - Processo ct 707: spalla destra
22-02 14:45:06 - Processo ct 708: spalla sinistra
22-02 14:45:11 - Processo ct 709: spalla sinistra
22-02 14:45:15 - Processo ct 710: spalla sinistra
22-02 14:45:19 - Processo ct 711: spalla destra
22-02 14:45:25 - Processo ct 712: spalla sinistra
22-02 14:45:29 - Processo ct 713: spalla sinistra
22-02 14:45:33 - Processo ct 714: spalla sinistra
22-02 14:45:35 - Processo ct 715: spalla sinistra
22-02 14:45:39 - Processo ct 716: spalla destra
22-02 14:45:42 - Processo ct 717: spalla destra
22-02 14:45:46 - Ct 718 spalla destra non segmentata o troppo piccola
22-02 14:45:48 - Processo ct 719: spalla sinistra
22-02 14:45:50 - Processo ct 720: spalla destra
22-02 14:45:52 - Ct 721 spalla destra non segmentata o troppo piccola
22-02 14:45:58 - Processo ct 722: spalla sinistra
22-02 14:46:03 - Ct 723 spalla sinistra non segmentata o troppo piccola
22-02 14:46:07 - Processo ct 724: spalla destra
22-02 14:46:10 - Processo ct 725: spalla destra
22-02 14:46:13 - Processo ct 726: spalla destra
22-02 14:46:17 - Processo ct 727: spalla sinistra
22-02 14:46:17 - Ct 728 non esiste
22-02 14:46:21 - Processo ct 729: spalla destra
22-02 14:46:25 - Processo ct 730: spalla sinistra
22-02 14:46:30 - Ct 731 spalla sinistra non segmentata o troppo piccola
22-02 14:46:30 - Ct 732 non esiste
22-02 14:46:36 - Processo ct 733: spalla sinistra
22-02 14:46:36 - Ct 734 non esiste
22-02 14:46:39 - Processo ct 735: spalla sinistra
22-02 14:46:43 - Processo ct 736: spalla sinistra
22-02 14:46:47 - Processo ct 737: spalla sinistra
22-02 14:46:53 - Processo ct 738: spalla sinistra
22-02 14:46:57 - Processo ct 739: spalla destra
22-02 14:47:04 - Processo ct 740: spalla sinistra
22-02 14:47:08 - Processo ct 741: spalla destra
22-02 14:47:08 - Ct 742 non esiste
22-02 14:47:11 - Processo ct 743: spalla destra
22-02 14:47:14 - Processo ct 744: spalla sinistra
22-02 14:47:19 - Processo ct 745: spalla destra
22-02 14:47:26 - Processo ct 746: spalla sinistra
22-02 14:47:29 - Processo ct 747: spalla sinistra
22-02 14:47:34 - Processo ct 748: spalla destra
22-02 14:47:36 - Ct 749 spalla sinistra non segmentata o troppo piccola
22-02 14:47:40 - Processo ct 750: spalla destra
22-02 14:47:43 - Processo ct 751: spalla sinistra
22-02 14:47:43 - Ct 752 esclusa
22-02 14:47:43 - Ct 753 non esiste
22-02 14:47:47 - Processo ct 754: spalla sinistra
22-02 14:47:51 - Processo ct 755: spalla destra
22-02 14:47:54 - Processo ct 756: spalla destra
22-02 14:47:59 - Ct 757 spalla destra non segmentata o troppo piccola
22-02 14:48:05 - Ct 758 spalla destra non segmentata o troppo piccola
22-02 14:48:10 - Processo ct 759: spalla destra
22-02 14:48:14 - Processo ct 760: spalla sinistra
22-02 14:48:16 - Processo ct 761: spalla sinistra
22-02 14:48:21 - Processo ct 762: spalla destra
22-02 14:48:23 - Processo ct 763: spalla sinistra
22-02 14:48:27 - Processo ct 764: spalla sinistra
22-02 14:48:33 - Processo ct 765: spalla destra
22-02 14:48:38 - Processo ct 766: spalla destra
22-02 14:48:43 - Processo ct 767: spalla sinistra
22-02 14:48:47 - Processo ct 768: spalla destra
22-02 14:48:47 - Ct 769 non esiste
22-02 14:48:50 - Processo ct 770: spalla destra
22-02 14:48:54 - Processo ct 771: spalla destra
22-02 14:48:58 - Processo ct 772: spalla destra
22-02 14:49:01 - Processo ct 773: spalla destra
22-02 14:49:05 - Processo ct 774: spalla sinistra
22-02 14:49:10 - Processo ct 775: spalla sinistra
22-02 14:49:12 - Ct 776 spalla destra non segmentata o troppo piccola
22-02 14:49:16 - Processo ct 777: spalla sinistra
22-02 14:49:19 - Processo ct 778: spalla destra
22-02 14:49:22 - Processo ct 779: spalla destra
22-02 14:49:22 - Ct 780 non esiste
22-02 14:49:27 - Processo ct 781: spalla destra
22-02 14:49:31 - Processo ct 782: spalla destra
22-02 14:49:35 - Processo ct 783: spalla sinistra
22-02 14:49:35 - Ct 784 non esiste
22-02 14:49:39 - Processo ct 785: spalla sinistra
22-02 14:49:45 - Processo ct 786: spalla destra
22-02 14:49:49 - Processo ct 787: spalla sinistra
22-02 14:49:53 - Processo ct 788: spalla sinistra
22-02 14:49:54 - Processo ct 789: spalla sinistra
22-02 14:49:58 - Processo ct 790: spalla destra
22-02 14:50:01 - Processo ct 791: spalla sinistra
22-02 14:50:07 - Processo ct 792: spalla destra
22-02 14:50:12 - Processo ct 793: spalla sinistra
22-02 14:50:15 - Processo ct 794: spalla sinistra
22-02 14:50:19 - Processo ct 795: spalla sinistra
22-02 14:50:24 - Processo ct 796: spalla sinistra
22-02 14:50:31 - Processo ct 797: spalla sinistra
22-02 14:50:39 - Processo ct 798: spalla sinistra
22-02 14:50:44 - Processo ct 799: spalla sinistra
22-02 14:50:47 - Ct 800 spalla destra non segmentata o troppo piccola
22-02 14:50:52 - Processo ct 801: spalla destra
22-02 14:50:54 - Processo ct 802: spalla sinistra
22-02 14:50:59 - Processo ct 803: spalla sinistra
22-02 14:51:02 - Processo ct 804: spalla sinistra
22-02 14:51:08 - Processo ct 805: spalla destra
22-02 14:51:14 - Processo ct 806: spalla destra
22-02 14:51:16 - Ct 807 spalla sinistra non segmentata o troppo piccola
22-02 14:51:19 - Ct 808 spalla destra non segmentata o troppo piccola
22-02 14:51:24 - Processo ct 809: spalla destra
22-02 14:51:27 - Processo ct 810: spalla destra
22-02 14:51:30 - Processo ct 811: spalla sinistra
22-02 14:51:35 - Processo ct 812: spalla destra
22-02 14:51:38 - Processo ct 813: spalla sinistra
22-02 14:51:41 - Processo ct 814: spalla destra
22-02 14:51:43 - Processo ct 815: spalla sinistra
22-02 14:51:48 - Processo ct 816: spalla destra
22-02 14:51:54 - Processo ct 817: spalla destra
22-02 14:51:59 - Processo ct 818: spalla sinistra
22-02 14:52:04 - Processo ct 819: spalla destra
22-02 14:52:08 - Processo ct 820: spalla destra
22-02 14:52:12 - Processo ct 821: spalla destra
22-02 14:52:14 - Processo ct 822: spalla destra
22-02 14:52:17 - Processo ct 823: spalla destra
22-02 14:52:19 - Processo ct 824: spalla destra
22-02 14:52:23 - Processo ct 825: spalla sinistra
22-02 14:52:26 - Processo ct 826: spalla destra
22-02 14:52:29 - Processo ct 827: spalla sinistra
22-02 14:52:35 - Processo ct 828: spalla sinistra
22-02 14:52:40 - Processo ct 829: spalla destra
22-02 14:52:42 - Processo ct 830: spalla destra
22-02 14:52:44 - Processo ct 831: spalla sinistra
22-02 14:52:44 - Ct 832 non esiste
22-02 14:52:48 - Ct 833 spalla sinistra non segmentata o troppo piccola
22-02 14:52:51 - Processo ct 834: spalla destra
22-02 14:53:02 - Processo ct 836: spalla destra
22-02 14:53:04 - Processo ct 837: spalla sinistra
22-02 14:53:07 - Processo ct 838: spalla destra
22-02 14:53:10 - Processo ct 839: spalla destra
22-02 14:53:14 - Processo ct 840: spalla sinistra
22-02 14:53:19 - Processo ct 841: spalla sinistra
22-02 14:53:24 - Processo ct 842: spalla sinistra
22-02 14:53:29 - Processo ct 843: spalla destra
22-02 14:53:34 - Processo ct 844: spalla destra
22-02 14:53:38 - Processo ct 845: spalla destra
22-02 14:53:41 - Processo ct 846: spalla sinistra
22-02 14:53:45 - Processo ct 847: spalla destra
22-02 14:53:50 - Processo ct 848: spalla destra
22-02 14:53:55 - Processo ct 849: spalla destra
22-02 14:53:58 - Processo ct 850: spalla destra
22-02 14:54:03 - Processo ct 851: spalla sinistra
22-02 14:54:07 - Processo ct 852: spalla destra
22-02 14:54:11 - Processo ct 853: spalla destra
22-02 14:54:16 - Processo ct 854: spalla destra
22-02 14:54:20 - Processo ct 855: spalla sinistra
22-02 14:54:25 - Processo ct 856: spalla destra
22-02 14:54:31 - Processo ct 857: spalla sinistra
22-02 14:54:37 - Processo ct 858: spalla sinistra
22-02 14:54:38 - Processo ct 859: spalla sinistra
22-02 14:54:42 - Processo ct 860: spalla sinistra
22-02 14:54:47 - Processo ct 861: spalla sinistra
22-02 14:54:51 - Processo ct 862: spalla destra
22-02 14:54:56 - Processo ct 863: spalla destra
22-02 14:54:58 - Processo ct 864: spalla destra
22-02 14:54:58 - Ct 865 non esiste
22-02 14:55:01 - Processo ct 866: spalla destra
22-02 14:55:04 - Processo ct 867: spalla destra
22-02 14:55:07 - Processo ct 868: spalla sinistra
22-02 14:55:09 - Processo ct 869: spalla sinistra
22-02 14:55:12 - Processo ct 870: spalla destra
22-02 14:55:14 - Processo ct 871: spalla sinistra
22-02 14:55:14 - Ct 872 non esiste
22-02 14:55:19 - Processo ct 873: spalla sinistra
22-02 14:55:22 - Processo ct 874: spalla sinistra
22-02 14:55:25 - Processo ct 875: spalla sinistra
22-02 14:55:27 - Processo ct 876: spalla sinistra
22-02 14:55:28 - Processo ct 877: spalla sinistra
22-02 14:55:30 - Processo ct 878: spalla sinistra
22-02 14:55:34 - Processo ct 879: spalla destra
22-02 14:55:38 - Processo ct 880: spalla destra
22-02 14:55:45 - Processo ct 881: spalla destra
22-02 14:55:45 - Ct 882 non esiste
22-02 14:55:49 - Processo ct 883: spalla destra
22-02 14:55:53 - Processo ct 884: spalla destra
22-02 14:55:56 - Processo ct 885: spalla sinistra
22-02 14:56:01 - Processo ct 886: spalla destra
22-02 14:56:05 - Processo ct 887: spalla sinistra
22-02 14:56:07 - Processo ct 888: spalla destra
22-02 14:56:10 - Processo ct 889: spalla destra
22-02 14:56:12 - Processo ct 890: spalla destra
22-02 14:56:20 - Processo ct 891: spalla destra
22-02 14:56:22 - Processo ct 892: spalla sinistra
22-02 14:56:27 - Processo ct 893: spalla destra
22-02 14:56:31 - Processo ct 894: spalla destra
22-02 14:56:33 - Processo ct 895: spalla sinistra
22-02 14:56:38 - Processo ct 896: spalla destra
22-02 14:56:41 - Processo ct 897: spalla sinistra
22-02 14:56:44 - Processo ct 898: spalla destra
22-02 14:56:46 - Processo ct 899: spalla sinistra
22-02 14:56:49 - Processo ct 900: spalla destra
22-02 14:56:54 - Processo ct 901: spalla destra
22-02 14:56:57 - Processo ct 902: spalla sinistra
22-02 14:56:57 - Ct 903 non esiste
22-02 14:57:00 - Processo ct 904: spalla destra
22-02 14:57:00 - Ct 905 non esiste
22-02 14:57:00 - Ct 906 non esiste
22-02 14:57:03 - Processo ct 907: spalla sinistra
22-02 14:57:06 - Processo ct 908: spalla destra
22-02 14:57:10 - Processo ct 909: spalla sinistra
22-02 14:57:13 - Processo ct 910: spalla sinistra
22-02 14:57:16 - Processo ct 911: spalla destra
22-02 14:57:20 - Processo ct 912: spalla sinistra
22-02 14:57:20 - Ct 913 non esiste
22-02 14:57:23 - Processo ct 914: spalla sinistra
22-02 14:57:23 - Ct 915 non esiste
22-02 14:57:26 - Processo ct 916: spalla sinistra
22-02 14:57:28 - Processo ct 917: spalla destra
22-02 14:57:30 - Processo ct 918: spalla sinistra
22-02 14:57:34 - Processo ct 919: spalla destra
22-02 14:57:37 - Processo ct 920: spalla sinistra
22-02 14:57:41 - Processo ct 921: spalla destra
22-02 14:57:46 - Processo ct 922: spalla destra
22-02 14:57:49 - Processo ct 923: spalla destra
22-02 14:57:51 - Processo ct 924: spalla destra
22-02 14:57:54 - Processo ct 925: spalla destra
22-02 14:58:01 - Processo ct 926: spalla sinistra
22-02 14:58:04 - Processo ct 927: spalla destra
22-02 14:58:08 - Processo ct 928: spalla sinistra
22-02 14:58:11 - Processo ct 929: spalla destra
22-02 14:58:13 - Processo ct 930: spalla destra
22-02 14:58:16 - Processo ct 931: spalla destra
22-02 14:58:18 - Processo ct 932: spalla destra
22-02 14:58:22 - Processo ct 933: spalla destra
22-02 14:58:26 - Processo ct 934: spalla sinistra
22-02 14:58:31 - Processo ct 935: spalla destra
22-02 14:58:35 - Processo ct 936: spalla destra
22-02 14:58:37 - Processo ct 937: spalla destra
22-02 14:58:39 - Processo ct 938: spalla destra
22-02 14:58:42 - Processo ct 939: spalla destra
22-02 14:58:47 - Processo ct 940: spalla destra
22-02 14:58:50 - Processo ct 941: spalla sinistra
22-02 14:58:55 - Processo ct 942: spalla destra
22-02 14:58:59 - Processo ct 943: spalla destra
22-02 14:59:04 - Processo ct 944: spalla destra
22-02 14:59:07 - Processo ct 945: spalla sinistra
22-02 14:59:08 - Ct 946 non esiste
22-02 14:59:10 - Processo ct 947: spalla destra
22-02 14:59:13 - Processo ct 948: spalla destra
22-02 14:59:17 - Processo ct 949: spalla destra
22-02 14:59:21 - Processo ct 950: spalla destra
22-02 14:59:26 - Processo ct 951: spalla destra
22-02 14:59:29 - Processo ct 952: spalla destra
22-02 14:59:33 - Processo ct 953: spalla destra
22-02 14:59:37 - Processo ct 954: spalla destra
22-02 14:59:40 - Processo ct 955: spalla sinistra
22-02 14:59:44 - Processo ct 956: spalla sinistra
22-02 14:59:46 - Processo ct 957: spalla destra
22-02 14:59:49 - Processo ct 958: spalla sinistra
22-02 14:59:55 - Processo ct 959: spalla destra
22-02 14:59:57 - Processo ct 960: spalla sinistra
22-02 14:59:57 - Ct 961 non esiste
22-02 15:00:01 - Processo ct 962: spalla destra
22-02 15:00:04 - Processo ct 963: spalla sinistra
22-02 15:00:07 - Processo ct 964: spalla sinistra
22-02 15:00:12 - Processo ct 965: spalla destra
22-02 15:00:14 - Processo ct 966: spalla sinistra
22-02 15:00:16 - Processo ct 967: spalla sinistra
22-02 15:00:17 - Processo ct 968: spalla destra
22-02 15:00:21 - Processo ct 969: spalla destra
22-02 15:00:22 - Processo ct 970: spalla destra
22-02 15:00:25 - Processo ct 971: spalla destra
22-02 15:00:28 - Processo ct 972: spalla sinistra
22-02 15:00:32 - Processo ct 973: spalla destra
22-02 15:00:36 - Processo ct 974: spalla destra
22-02 15:00:40 - Processo ct 975: spalla sinistra
22-02 15:00:46 - Processo ct 976: spalla destra
22-02 15:00:50 - Processo ct 977: spalla destra
22-02 15:00:54 - Processo ct 978: spalla sinistra
22-02 15:00:57 - Processo ct 979: spalla destra
22-02 15:01:01 - Ct 980 spalla sinistra non segmentata o troppo piccola
22-02 15:01:07 - Processo ct 981: spalla destra
22-02 15:01:13 - Processo ct 982: spalla destra
22-02 15:01:42 - Processo ct 983: spalla destra
22-02 15:01:46 - Processo ct 984: spalla sinistra
22-02 15:01:51 - Processo ct 985: spalla destra
22-02 15:01:57 - Processo ct 986: spalla destra
22-02 15:02:01 - Processo ct 987: spalla destra
22-02 15:02:05 - Processo ct 988: spalla sinistra
22-02 15:02:08 - Processo ct 989: spalla sinistra
22-02 15:02:08 - Ct 990 non esiste
22-02 15:02:11 - Processo ct 991: spalla destra
22-02 15:02:14 - Processo ct 992: spalla destra
22-02 15:02:18 - Processo ct 993: spalla destra
22-02 15:02:18 - Ct 994 non esiste
22-02 15:02:18 - Ct 995 non esiste
22-02 15:02:21 - Processo ct 996: spalla destra
22-02 15:02:25 - Processo ct 997: spalla destra
22-02 15:02:28 - Processo ct 998: spalla destra
22-02 15:02:29 - Processo ct 999: spalla destra
22-02 15:02:32 - Processo ct 1000: spalla sinistra
22-02 15:02:35 - Processo ct 1001: spalla destra
22-02 15:02:37 - Processo ct 1002: spalla sinistra
22-02 15:02:37 - Ct 1003 esclusa
22-02 15:02:41 - Processo ct 1004: spalla sinistra
22-02 15:02:43 - Processo ct 1005: spalla destra
22-02 15:02:45 - Processo ct 1006: spalla destra
22-02 15:02:47 - Processo ct 1007: spalla sinistra
22-02 15:02:52 - Processo ct 1008: spalla sinistra
22-02 15:02:54 - Processo ct 1009: spalla sinistra
22-02 15:02:58 - Processo ct 1010: spalla destra
22-02 15:03:00 - Processo ct 1011: spalla sinistra
22-02 15:03:04 - Processo ct 1012: spalla destra
22-02 15:03:07 - Processo ct 1013: spalla destra
22-02 15:03:10 - Processo ct 1014: spalla destra
22-02 15:03:13 - Processo ct 1015: spalla sinistra
22-02 15:03:17 - Processo ct 1016: spalla destra
22-02 15:03:17 - Ct 1017 non esiste
22-02 15:03:21 - Processo ct 1018: spalla sinistra
22-02 15:03:21 - Ct 1019 non esiste
22-02 15:03:23 - Processo ct 1020: spalla destra
22-02 15:03:25 - Processo ct 1021: spalla destra
22-02 15:03:28 - Processo ct 1022: spalla sinistra
22-02 15:03:31 - Processo ct 1023: spalla destra
22-02 15:03:33 - Processo ct 1024: spalla destra
22-02 15:03:37 - Processo ct 1025: spalla destra
22-02 15:03:42 - Processo ct 1026: spalla sinistra
22-02 15:03:46 - Processo ct 1027: spalla sinistra
22-02 15:03:49 - Processo ct 1028: spalla destra
22-02 15:03:55 - Processo ct 1029: spalla sinistra
22-02 15:03:59 - Processo ct 1030: spalla sinistra
22-02 15:04:03 - Processo ct 1031: spalla sinistra
22-02 15:04:05 - Processo ct 1032: spalla sinistra
22-02 15:04:09 - Processo ct 1033: spalla destra
22-02 15:04:14 - Processo ct 1034: spalla destra
22-02 15:04:15 - Processo ct 1035: spalla sinistra
22-02 15:04:17 - Processo ct 1036: spalla destra
22-02 15:04:20 - Processo ct 1037: spalla destra
22-02 15:04:23 - Processo ct 1038: spalla sinistra
22-02 15:04:26 - Processo ct 1039: spalla destra
22-02 15:04:29 - Processo ct 1040: spalla destra
22-02 15:04:33 - Processo ct 1041: spalla sinistra
22-02 15:04:36 - Processo ct 1042: spalla destra
22-02 15:04:40 - Processo ct 1043: spalla destra
22-02 15:04:43 - Processo ct 1044: spalla sinistra
22-02 15:04:43 - Ct 1045 non esiste
22-02 15:04:47 - Processo ct 1046: spalla destra
22-02 15:04:50 - Processo ct 1047: spalla destra
22-02 15:04:54 - Processo ct 1048: spalla destra
22-02 15:04:56 - Processo ct 1049: spalla sinistra
22-02 15:04:56 - Ct 1050 non esiste
22-02 15:04:58 - Processo ct 1051: spalla sinistra
22-02 15:05:00 - Processo ct 1052: spalla sinistra
22-02 15:05:03 - Processo ct 1053: spalla destra
22-02 15:05:09 - Processo ct 1054: spalla sinistra
22-02 15:05:13 - Processo ct 1055: spalla destra
22-02 15:05:13 - Ct 1056 non esiste
22-02 15:05:15 - Processo ct 1057: spalla destra
22-02 15:05:16 - Ct 1058 non esiste
22-02 15:05:22 - Processo ct 1059: spalla destra
22-02 15:05:26 - Processo ct 1060: spalla destra
22-02 15:05:28 - Processo ct 1061: spalla destra
22-02 15:05:31 - Processo ct 1062: spalla sinistra
22-02 15:05:35 - Processo ct 1063: spalla sinistra
22-02 15:05:40 - Processo ct 1064: spalla destra
22-02 15:05:43 - Processo ct 1065: spalla destra
22-02 15:05:46 - Processo ct 1066: spalla sinistra
22-02 15:05:49 - Processo ct 1067: spalla sinistra
22-02 15:05:52 - Processo ct 1068: spalla destra
22-02 15:05:55 - Processo ct 1069: spalla sinistra
22-02 15:05:58 - Processo ct 1070: spalla destra
22-02 15:06:01 - Processo ct 1071: spalla sinistra
22-02 15:06:04 - Processo ct 1072: spalla destra
22-02 15:06:06 - Processo ct 1073: spalla destra
22-02 15:06:11 - Processo ct 1074: spalla destra
22-02 15:06:15 - Processo ct 1075: spalla destra
22-02 15:06:18 - Processo ct 1076: spalla destra
22-02 15:06:22 - Processo ct 1077: spalla destra
22-02 15:06:22 - Ct 1078 non esiste
22-02 15:06:25 - Processo ct 1079: spalla destra
22-02 15:06:25 - Ct 1080 non esiste
22-02 15:06:25 - Ct 1081 non esiste
22-02 15:06:25 - Ct 1082 non esiste
22-02 15:06:28 - Processo ct 1083: spalla sinistra
22-02 15:06:31 - Processo ct 1084: spalla destra
22-02 15:06:34 - Processo ct 1085: spalla sinistra
22-02 15:06:40 - Processo ct 1086: spalla destra
22-02 15:06:42 - Processo ct 1087: spalla destra
22-02 15:06:44 - Processo ct 1088: spalla sinistra
22-02 15:06:46 - Processo ct 1089: spalla destra
22-02 15:06:48 - Processo ct 1090: spalla destra
22-02 15:06:51 - Processo ct 1091: spalla destra
22-02 15:06:55 - Processo ct 1092: spalla destra
22-02 15:06:59 - Processo ct 1093: spalla destra
22-02 15:07:02 - Processo ct 1094: spalla sinistra
22-02 15:07:04 - Ct 1095 spalla destra non segmentata o troppo piccola
22-02 15:07:07 - Processo ct 1096: spalla destra
22-02 15:07:10 - Processo ct 1097: spalla destra
22-02 15:07:12 - Processo ct 1098: spalla destra
22-02 15:07:14 - Processo ct 1099: spalla sinistra
22-02 15:07:17 - Processo ct 1100: spalla destra
22-02 15:07:19 - Processo ct 1101: spalla sinistra
22-02 15:07:22 - Processo ct 1102: spalla destra
22-02 15:07:26 - Processo ct 1103: spalla sinistra
22-02 15:07:30 - Processo ct 1104: spalla destra
22-02 15:07:33 - Processo ct 1105: spalla destra
22-02 15:07:37 - Processo ct 1106: spalla sinistra
22-02 15:07:40 - Processo ct 1107: spalla destra
22-02 15:07:44 - Processo ct 1108: spalla sinistra
22-02 15:07:48 - Processo ct 1109: spalla destra
22-02 15:07:50 - Processo ct 1110: spalla destra
22-02 15:07:53 - Processo ct 1111: spalla destra
22-02 15:07:54 - Processo ct 1112: spalla sinistra
22-02 15:07:57 - Processo ct 1113: spalla destra
22-02 15:08:00 - Processo ct 1114: spalla destra
22-02 15:08:03 - Processo ct 1115: spalla sinistra
22-02 15:08:06 - Processo ct 1116: spalla sinistra
22-02 15:08:09 - Processo ct 1117: spalla destra
22-02 15:08:13 - Processo ct 1118: spalla destra
22-02 15:08:17 - Processo ct 1119: spalla sinistra
22-02 15:08:19 - Processo ct 1120: spalla sinistra
22-02 15:08:21 - Processo ct 1121: spalla sinistra
22-02 15:08:23 - Processo ct 1122: spalla sinistra
22-02 15:08:27 - Processo ct 1123: spalla sinistra
22-02 15:08:29 - Processo ct 1124: spalla destra
22-02 15:08:33 - Processo ct 1125: spalla destra
22-02 15:08:33 - Ct 1126 non esiste
22-02 15:08:37 - Processo ct 1127: spalla destra
22-02 15:08:38 - Processo ct 1128: spalla destra
22-02 15:08:38 - Ct 1129 non esiste
22-02 15:08:42 - Processo ct 1130: spalla destra
22-02 15:08:42 - Ct 1131 non esiste
22-02 15:08:45 - Processo ct 1132: spalla sinistra
22-02 15:08:49 - Processo ct 1133: spalla destra
22-02 15:08:52 - Processo ct 1134: spalla sinistra
22-02 15:08:55 - Processo ct 1135: spalla destra
22-02 15:08:58 - Processo ct 1136: spalla sinistra
22-02 15:09:02 - Processo ct 1137: spalla sinistra
22-02 15:09:05 - Processo ct 1138: spalla sinistra
22-02 15:09:05 - Ct 1139 non esiste
22-02 15:09:10 - Processo ct 1140: spalla sinistra
22-02 15:09:13 - Processo ct 1141: spalla sinistra
22-02 15:09:13 - Ct 1142 non esiste
22-02 15:09:16 - Processo ct 1143: spalla destra
22-02 15:09:18 - Processo ct 1144: spalla destra
22-02 15:09:18 - Ct 1145 non esiste
22-02 15:09:23 - Processo ct 1146: spalla destra
22-02 15:09:26 - Processo ct 1147: spalla sinistra
22-02 15:09:28 - Processo ct 1148: spalla destra
22-02 15:09:31 - Processo ct 1149: spalla sinistra
22-02 15:09:36 - Processo ct 1150: spalla destra
22-02 15:09:36 - Ct 1151 non esiste
22-02 15:09:36 - Ct 1152 esclusa
22-02 15:09:40 - Processo ct 1153: spalla sinistra
22-02 15:09:42 - Ct 1154 spalla destra non segmentata o troppo piccola
22-02 15:09:46 - Processo ct 1155: spalla sinistra
22-02 15:09:48 - Processo ct 1156: spalla destra
22-02 15:09:51 - Processo ct 1157: spalla sinistra
22-02 15:09:54 - Processo ct 1158: spalla destra
22-02 15:09:57 - Processo ct 1159: spalla sinistra
22-02 15:09:57 - Ct 1160 non esiste
22-02 15:10:00 - Processo ct 1161: spalla destra
22-02 15:10:04 - Processo ct 1162: spalla sinistra
22-02 15:10:09 - Processo ct 1163: spalla sinistra
22-02 15:10:11 - Processo ct 1164: spalla sinistra
22-02 15:10:14 - Processo ct 1165: spalla destra
22-02 15:10:14 - Ct 1166 non esiste
22-02 15:10:19 - Processo ct 1167: spalla destra
22-02 15:10:19 - Ct 1168 non esiste
22-02 15:10:22 - Processo ct 1169: spalla destra
22-02 15:10:27 - Processo ct 1170: spalla destra
22-02 15:10:31 - Ct 1171 spalla destra non segmentata o troppo piccola
22-02 15:10:33 - Processo ct 1172: spalla destra
22-02 15:10:33 - Ct 1173 non esiste
22-02 15:10:33 - Ct 1174 non esiste
22-02 15:10:36 - Processo ct 1175: spalla destra
22-02 15:10:38 - Ct 1176 spalla sinistra non segmentata o troppo piccola
22-02 15:10:41 - Processo ct 1177: spalla destra
22-02 15:10:44 - Processo ct 1178: spalla sinistra
22-02 15:10:49 - Processo ct 1179: spalla sinistra
22-02 15:10:53 - Processo ct 1180: spalla destra
22-02 15:10:58 - Processo ct 1181: spalla sinistra
22-02 15:11:01 - Processo ct 1182: spalla destra
22-02 15:11:05 - Processo ct 1183: spalla sinistra
22-02 15:11:06 - Processo ct 1184: spalla sinistra
22-02 15:11:09 - Processo ct 1185: spalla sinistra
22-02 15:11:12 - Processo ct 1186: spalla destra
22-02 15:11:14 - Processo ct 1187: spalla sinistra
22-02 15:11:17 - Processo ct 1188: spalla sinistra
22-02 15:11:20 - Processo ct 1189: spalla destra
22-02 15:11:22 - Processo ct 1190: spalla destra
22-02 15:11:24 - Processo ct 1191: spalla sinistra
22-02 15:11:24 - Ct 1192 non esiste
22-02 15:11:27 - Processo ct 1193: spalla sinistra
22-02 15:11:30 - Processo ct 1194: spalla sinistra
22-02 15:11:34 - Processo ct 1195: spalla sinistra
22-02 15:11:38 - Processo ct 1196: spalla destra
22-02 15:11:41 - Processo ct 1197: spalla destra
22-02 15:11:41 - Ct 1198 non esiste
22-02 15:11:41 - Ct 1199 non esiste
22-02 15:11:41 - Ct 1200 non esiste
22-02 15:11:43 - Processo ct 1201: spalla destra
22-02 15:11:46 - Processo ct 1202: spalla destra
22-02 15:11:50 - Processo ct 1203: spalla sinistra
22-02 15:11:53 - Processo ct 1204: spalla destra
22-02 15:11:56 - Processo ct 1205: spalla destra
22-02 15:11:59 - Processo ct 1206: spalla sinistra
22-02 15:12:01 - Processo ct 1207: spalla destra
22-02 15:12:06 - Processo ct 1208: spalla sinistra
22-02 15:12:08 - Processo ct 1209: spalla sinistra
22-02 15:12:11 - Processo ct 1210: spalla destra
22-02 15:12:15 - Processo ct 1211: spalla destra
22-02 15:12:18 - Processo ct 1212: spalla destra
22-02 15:12:20 - Processo ct 1213: spalla destra
22-02 15:12:23 - Processo ct 1214: spalla sinistra
22-02 15:12:25 - Processo ct 1215: spalla destra
22-02 15:12:30 - Processo ct 1216: spalla destra
22-02 15:12:33 - Processo ct 1217: spalla sinistra
22-02 15:12:36 - Processo ct 1218: spalla destra
22-02 15:12:39 - Processo ct 1219: spalla sinistra
22-02 15:12:41 - Processo ct 1220: spalla sinistra
22-02 15:12:47 - Processo ct 1221: spalla destra
22-02 15:12:51 - Processo ct 1222: spalla destra
22-02 15:12:56 - Processo ct 1223: spalla destra
22-02 15:13:00 - Processo ct 1224: spalla sinistra
22-02 15:13:04 - Ct 1225 spalla destra non segmentata o troppo piccola
22-02 15:13:07 - Processo ct 1226: spalla sinistra
22-02 15:13:10 - Processo ct 1227: spalla sinistra
22-02 15:13:12 - Processo ct 1228: spalla destra
22-02 15:13:14 - Processo ct 1229: spalla destra
22-02 15:13:18 - Processo ct 1230: spalla sinistra
22-02 15:13:21 - Processo ct 1231: spalla sinistra
22-02 15:13:21 - Ct 1232 non esiste
22-02 15:13:25 - Processo ct 1233: spalla destra
22-02 15:13:29 - Processo ct 1234: spalla destra
22-02 15:13:33 - Processo ct 1235: spalla destra
22-02 15:13:36 - Processo ct 1236: spalla destra
22-02 15:13:40 - Processo ct 1237: spalla sinistra
22-02 15:13:43 - Processo ct 1238: spalla sinistra
22-02 15:13:43 - Ct 1239 non esiste
22-02 15:13:46 - Processo ct 1240: spalla sinistra
22-02 15:13:47 - Processo ct 1241: spalla destra
22-02 15:13:51 - Processo ct 1242: spalla destra
22-02 15:13:51 - Ct 1243 non esiste
22-02 15:13:56 - Processo ct 1244: spalla destra
22-02 15:14:00 - Processo ct 1245: spalla sinistra
22-02 15:14:04 - Processo ct 1246: spalla sinistra
22-02 15:14:06 - Processo ct 1247: spalla destra
22-02 15:14:09 - Processo ct 1248: spalla destra
22-02 15:14:09 - Ct 1249 non esiste
22-02 15:14:13 - Processo ct 1250: spalla destra
22-02 15:14:13 - Tempo: 4073.75 sec
